TN:
SF:C:\Users\jrodriguez.carave\Desktop\TFG\QR_Reader\src\polyfills.ts
FNF:0
FNH:0
LF:0
LH:0
BRF:0
BRH:0
end_of_record
TN:
SF:C:\Users\jrodriguez.carave\Desktop\TFG\QR_Reader\src\test.ts
FNF:0
FNH:0
DA:13,1
DA:18,1
DA:20,1
LF:3
LH:3
BRF:0
BRH:0
end_of_record
TN:
SF:C:\Users\jrodriguez.carave\Desktop\TFG\QR_Reader\src\zone-flags.ts
FNF:0
FNH:0
DA:5,1
LF:1
LH:1
BRF:0
BRH:0
end_of_record
TN:
SF:C:\Users\jrodriguez.carave\Desktop\TFG\QR_Reader\src\app\app.component.ts
FN:12,(anonymous_0)
FN:13,AppComponent
FN:22,(anonymous_2)
FN:23,(anonymous_3)
FNF:4
FNH:4
FNDA:1,(anonymous_0)
FNDA:2,AppComponent
FNDA:2,(anonymous_2)
FNDA:2,(anonymous_3)
DA:12,1
DA:14,2
DA:15,2
DA:16,2
DA:17,2
DA:19,2
DA:22,2
DA:23,2
DA:24,2
DA:25,2
DA:26,2
DA:27,2
DA:31,1
LF:13
LH:13
BRDA:24,0,0,2
BRDA:24,0,1,0
BRF:2
BRH:1
end_of_record
TN:
SF:C:\Users\jrodriguez.carave\Desktop\TFG\QR_Reader\src\app\details\details.page.ts
FN:10,(anonymous_0)
FN:15,DetailsPage
FN:20,(anonymous_2)
FN:26,(anonymous_3)
FNF:4
FNH:4
FNDA:1,(anonymous_0)
FNDA:3,DetailsPage
FNDA:1,(anonymous_2)
FNDA:1,(anonymous_3)
DA:10,1
DA:16,3
DA:17,3
DA:20,1
DA:21,1
DA:22,1
DA:26,1
DA:27,1
DA:29,1
LF:9
LH:9
BRDA:22,0,0,0
BRDA:22,0,1,1
BRF:2
BRH:1
end_of_record
TN:
SF:C:\Users\jrodriguez.carave\Desktop\TFG\QR_Reader\src\app\login\login.page.ts
FN:12,(anonymous_0)
FN:19,LoginPage
FN:24,(anonymous_2)
FN:28,(anonymous_3)
FN:34,(anonymous_4)
FN:35,(anonymous_5)
FN:39,(anonymous_6)
FN:49,(anonymous_7)
FN:53,(anonymous_8)
FN:57,(anonymous_9)
FNF:10
FNH:8
FNDA:1,(anonymous_0)
FNDA:4,LoginPage
FNDA:2,(anonymous_2)
FNDA:1,(anonymous_3)
FNDA:1,(anonymous_4)
FNDA:1,(anonymous_5)
FNDA:0,(anonymous_6)
FNDA:0,(anonymous_7)
FNDA:1,(anonymous_8)
FNDA:2,(anonymous_9)
DA:12,1
DA:15,4
DA:16,4
DA:20,4
DA:21,4
DA:24,1
DA:25,2
DA:28,1
DA:29,1
DA:30,1
DA:31,1
DA:32,1
DA:33,1
DA:34,1
DA:36,1
DA:37,1
DA:40,0
DA:41,0
DA:43,0
DA:45,0
DA:49,1
DA:50,0
DA:53,1
DA:54,1
DA:57,1
DA:58,2
DA:64,1
LF:27
LH:22
BRDA:36,0,0,1
BRDA:36,0,1,0
BRDA:40,1,0,0
BRDA:40,1,1,0
BRF:4
BRH:1
end_of_record
TN:
SF:C:\Users\jrodriguez.carave\Desktop\TFG\QR_Reader\src\app\providers\api-provider\api.provider.ts
FN:8,(anonymous_0)
FN:13,ApiProvider
FN:17,(anonymous_2)
FN:26,(anonymous_3)
FN:30,(anonymous_4)
FN:34,(anonymous_5)
FNF:6
FNH:2
FNDA:1,(anonymous_0)
FNDA:16,ApiProvider
FNDA:0,(anonymous_2)
FNDA:0,(anonymous_3)
FNDA:0,(anonymous_4)
FNDA:0,(anonymous_5)
DA:8,1
DA:10,16
DA:14,16
DA:17,1
DA:18,0
DA:26,1
DA:27,0
DA:30,1
DA:31,0
DA:34,1
DA:35,0
DA:37,1
LF:12
LH:8
BRF:0
BRH:0
end_of_record
TN:
SF:C:\Users\jrodriguez.carave\Desktop\TFG\QR_Reader\src\app\providers\local-storage\local-storage.provider.ts
FN:6,(anonymous_0)
FN:8,(anonymous_2)
FN:16,(anonymous_3)
FN:21,(anonymous_4)
FNF:4
FNH:1
FNDA:2,(anonymous_0)
FNDA:0,(anonymous_2)
FNDA:0,(anonymous_3)
FNDA:0,(anonymous_4)
DA:6,1
DA:8,1
DA:9,0
DA:10,0
DA:13,0
DA:16,1
DA:17,0
DA:18,0
DA:21,1
DA:22,0
DA:24,1
LF:11
LH:5
BRDA:9,0,0,0
BRDA:9,0,1,0
BRDA:18,1,0,0
BRDA:18,1,1,0
BRDA:18,2,0,0
BRDA:18,2,1,0
BRF:6
BRH:0
end_of_record
TN:
SF:C:\Users\jrodriguez.carave\Desktop\TFG\QR_Reader\src\app\providers\login-provider\login.provider.ts
FN:11,(anonymous_0)
FN:13,LoginProvider
FN:15,(anonymous_2)
FNF:3
FNH:3
FNDA:1,(anonymous_0)
FNDA:11,LoginProvider
FNDA:1,(anonymous_2)
DA:11,1
DA:13,11
DA:15,1
DA:17,1
DA:19,1
DA:24,1
DA:27,1
DA:29,1
DA:35,1
LF:9
LH:9
BRF:0
BRH:0
end_of_record
TN:
SF:C:\Users\jrodriguez.carave\Desktop\TFG\QR_Reader\src\app\providers\nav-params\nav-params.provider.ts
FN:6,(anonymous_0)
FN:13,(anonymous_2)
FN:9,(anonymous_3)
FNF:3
FNH:1
FNDA:5,(anonymous_0)
FNDA:0,(anonymous_2)
FNDA:0,(anonymous_3)
DA:6,1
DA:9,1
DA:10,0
DA:14,0
DA:17,0
DA:18,0
DA:20,1
LF:7
LH:3
BRDA:15,0,0,0
BRDA:15,0,1,0
BRF:2
BRH:0
end_of_record
TN:
SF:C:\Users\jrodriguez.carave\Desktop\TFG\QR_Reader\src\app\providers\register-provider\register.provider.ts
FN:9,(anonymous_0)
FN:13,RegisterProvider
FN:15,(anonymous_2)
FN:24,(anonymous_3)
FN:28,(anonymous_4)
FNF:5
FNH:5
FNDA:1,(anonymous_0)
FNDA:8,RegisterProvider
FNDA:1,(anonymous_2)
FNDA:1,(anonymous_3)
FNDA:1,(anonymous_4)
DA:9,1
DA:13,8
DA:15,1
DA:17,1
DA:18,1
DA:20,1
DA:24,1
DA:25,1
DA:28,1
DA:30,1
DA:31,1
DA:32,1
DA:34,1
DA:39,1
DA:42,1
DA:44,1
DA:46,1
LF:17
LH:17
BRF:0
BRH:0
end_of_record
TN:
SF:C:\Users\jrodriguez.carave\Desktop\TFG\QR_Reader\src\app\register\register.page.ts
FN:12,(anonymous_0)
FN:18,RegisterPage
FN:24,(anonymous_2)
FN:28,(anonymous_3)
FN:32,(anonymous_4)
FN:34,(anonymous_5)
FN:40,(anonymous_6)
FN:46,(anonymous_7)
FN:50,(anonymous_8)
FN:58,(anonymous_9)
FN:62,(anonymous_10)
FNF:11
FNH:11
FNDA:1,(anonymous_0)
FNDA:4,RegisterPage
FNDA:2,(anonymous_2)
FNDA:1,(anonymous_3)
FNDA:1,(anonymous_4)
FNDA:1,(anonymous_5)
FNDA:2,(anonymous_6)
FNDA:1,(anonymous_7)
FNDA:1,(anonymous_8)
FNDA:1,(anonymous_9)
FNDA:1,(anonymous_10)
DA:12,1
DA:15,4
DA:16,4
DA:19,4
DA:20,4
DA:21,4
DA:24,1
DA:25,2
DA:28,1
DA:29,1
DA:32,1
DA:33,1
DA:34,1
DA:35,1
DA:36,1
DA:40,2
DA:41,2
DA:46,2
DA:47,1
DA:48,1
DA:49,1
DA:50,1
DA:51,1
DA:52,1
DA:53,1
DA:54,1
DA:58,2
DA:59,1
DA:60,1
DA:61,1
DA:62,1
DA:63,1
DA:64,1
DA:65,1
DA:66,1
DA:71,1
LF:36
LH:36
BRDA:53,0,0,1
BRDA:53,0,1,0
BRDA:65,1,0,1
BRDA:65,1,1,0
BRF:4
BRH:2
end_of_record
TN:
SF:C:\Users\jrodriguez.carave\Desktop\TFG\QR_Reader\src\app\tests-shared\test-shared-module.ts
FNF:0
FNH:0
DA:7,1
LF:1
LH:1
BRF:0
BRH:0
end_of_record
